#
# There is insufficient memory for the Java Runtime Environment to continue.
# Native memory allocation (mmap) failed to map 268435456 bytes for Failed to commit area from 0x0000000700e00000 to 0x0000000710e00000 of length 268435456.
# Possible reasons:
#   The system is out of physical RAM or swap space
#   The process is running with CompressedOops enabled, and the Java Heap may be blocking the growth of the native heap
# Possible solutions:
#   Reduce memory load on the system
#   Increase physical memory or swap space
#   Check if swap backing store is full
#   Decrease Java heap size (-Xmx/-Xms)
#   Decrease number of Java threads
#   Decrease Java thread stack sizes (-Xss)
#   Set larger code cache with -XX:ReservedCodeCacheSize=
# This output file may be truncated or incomplete.
#
#  Out of Memory Error (t:/workspace/open/src/hotspot/os/windows/os_windows.cpp:3269), pid=92, tid=16516
#
# JRE version:  (11.0.3+12) (build )
# Java VM: Java HotSpot(TM) 64-Bit Server VM (11.0.3+12-LTS, mixed mode, aot, sharing, tiered, compressed oops, g1 gc, windows-amd64)
# No core dump will be written. Minidumps are not enabled by default on client versions of Windows
#

---------------  S U M M A R Y ------------

Command Line: vncr.jar

Host: Intel(R) Core(TM) i7-4790 CPU @ 3.60GHz, 8 cores, 15G,  Windows 10 , 64 bit Build 17134 (10.0.17134.753)
Time: Thu Mar 19 11:17:32 2020 SE Asia Standard Time elapsed time: 0 seconds (0d 0h 0m 0s)

---------------  T H R E A D  ---------------

Current thread (0x00000206b008a800):  JavaThread "Unknown thread" [_thread_in_vm, id=16516, stack(0x000000df8c100000,0x000000df8c200000)]

Stack: [0x000000df8c100000,0x000000df8c200000]
Native frames: (J=compiled Java code, j=interpreted, Vv=VM code, C=native code)
V  [jvm.dll+0x63582a]
V  [jvm.dll+0x77360f]
V  [jvm.dll+0x774cba]
V  [jvm.dll+0x775373]
V  [jvm.dll+0x25e9c8]
V  [jvm.dll+0x632cba]
V  [jvm.dll+0x627715]
V  [jvm.dll+0x31523c]
V  [jvm.dll+0x3150c2]
V  [jvm.dll+0x31a936]
V  [jvm.dll+0x36667f]
V  [jvm.dll+0x3660a0]
V  [jvm.dll+0x2f1da8]
V  [jvm.dll+0x2f2f06]
V  [jvm.dll+0x74c867]
V  [jvm.dll+0x74dfaf]
V  [jvm.dll+0x3734b9]
V  [jvm.dll+0x732f09]
V  [jvm.dll+0x3e291d]
V  [jvm.dll+0x3e4cb1]
C  [java.exe+0x3607]
C  [java.exe+0x178dc]
C  [KERNEL32.DLL+0x14034]
C  [ntdll.dll+0x73691]


---------------  P R O C E S S  ---------------

Threads class SMR info:
_java_thread_list=0x00000206ae2fb210, length=0, elements={
}

Java Threads: ( => current thread )

Other Threads:
  0x00000206ae3cc000 GCTaskThread "GC Thread#0" [stack: 0x000000df8c200000,0x000000df8c300000] [id=18228]
  0x00000206b00fa800 ConcurrentGCThread "G1 Main Marker" [stack: 0x000000df8c300000,0x000000df8c400000] [id=16976]
  0x00000206b00fc000 ConcurrentGCThread "G1 Conc#0" [stack: 0x000000df8c400000,0x000000df8c500000] [id=21360]

[error occurred during error reporting (printing all threads), id 0xc0000005, EXCEPTION_ACCESS_VIOLATION (0xc0000005) at pc=0x00007ffa72350497]

VM state:not at safepoint (not fully initialized)

VM Mutex/Monitor currently owned by a thread:  ([mutex/lock_event])
[0x00000206b0089920] Heap_lock - owner thread: 0x00000206b008a800

Heap address: 0x0000000700e00000, size: 4082 MB, Compressed Oops mode: Non-zero based: 0x0000000700e00000
Narrow klass base: 0x0000000000000000, Narrow klass shift: 0

GC Heap History (0 events):
No events

Deoptimization events (0 events):
No events

Classes redefined (0 events):
No events

Internal exceptions (0 events):
No events

Events (0 events):
No events


Dynamic libraries:
0x00007ff7c8f60000 - 0x00007ff7c8fa7000 	C:\Program Files\Java\jdk-11.0.3\bin\java.exe
0x00007ffac9be0000 - 0x00007ffac9dc1000 	C:\WINDOWS\SYSTEM32\ntdll.dll
0x00007ffac8ed0000 - 0x00007ffac8f81000 	C:\WINDOWS\System32\KERNEL32.DLL
0x00007ffac6260000 - 0x00007ffac64d3000 	C:\WINDOWS\System32\KERNELBASE.dll
0x00007ffac8e20000 - 0x00007ffac8ec1000 	C:\WINDOWS\System32\ADVAPI32.dll
0x00007ffac8d80000 - 0x00007ffac8e1e000 	C:\WINDOWS\System32\msvcrt.dll
0x00007ffac86c0000 - 0x00007ffac871b000 	C:\WINDOWS\System32\sechost.dll
0x00007ffac97b0000 - 0x00007ffac98d4000 	C:\WINDOWS\System32\RPCRT4.dll
0x00007ffac8520000 - 0x00007ffac86b1000 	C:\WINDOWS\System32\USER32.dll
0x00007ffac6e40000 - 0x00007ffac6e60000 	C:\WINDOWS\System32\win32u.dll
0x00007ffac8c00000 - 0x00007ffac8c28000 	C:\WINDOWS\System32\GDI32.dll
0x00007ffac6ca0000 - 0x00007ffac6e31000 	C:\WINDOWS\System32\gdi32full.dll
0x00007ffac5f90000 - 0x00007ffac602f000 	C:\WINDOWS\System32\msvcp_win.dll
0x00007ffac60b0000 - 0x00007ffac61a8000 	C:\WINDOWS\System32\ucrtbase.dll
0x00007ffab99d0000 - 0x00007ffab9c39000 	C:\WINDOWS\WinSxS\amd64_microsoft.windows.common-controls_6595b64144ccf1df_6.0.17134.1184_none_d403e8b37c8ca406\COMCTL32.dll
0x00007ffabf6f0000 - 0x00007ffabf6fa000 	C:\WINDOWS\SYSTEM32\VERSION.dll
0x00007ffac9270000 - 0x00007ffac9591000 	C:\WINDOWS\System32\combase.dll
0x00007ffac6030000 - 0x00007ffac60a9000 	C:\WINDOWS\System32\bcryptPrimitives.dll
0x00007ffac8720000 - 0x00007ffac874d000 	C:\WINDOWS\System32\IMM32.DLL
0x00007e1100000000 - 0x00007e110006d000 	D:\Setup\cmder\vendor\conemu-maximus5\ConEmu\ConEmuHk64.dll
0x00007ffaae0a0000 - 0x00007ffaae14f000 	C:\Program Files\McAfee\Endpoint Security\Threat Prevention\Ips\EpMPApi.dll
0x00000206ae3d0000 - 0x00000206ae427000 	C:\WINDOWS\System32\WINTRUST.dll
0x00007ffac5f40000 - 0x00007ffac5f52000 	C:\WINDOWS\System32\MSASN1.dll
0x00007ffac6e60000 - 0x00007ffac7042000 	C:\WINDOWS\System32\CRYPT32.dll
0x00000000598b0000 - 0x00000000598bc000 	C:\Program Files\McAfee\Endpoint Security\Threat Prevention\Ips\EpMPThe.dll
0x00007ffaab450000 - 0x00007ffaab486000 	C:\Program Files\McAfee\Endpoint Security\Threat Prevention\Ips\HIPHandlers64.dll
0x00007ffac95a0000 - 0x00007ffac95f1000 	C:\WINDOWS\System32\SHLWAPI.dll
0x00007ffabd150000 - 0x00007ffabd166000 	C:\Program Files\Java\jdk-11.0.3\bin\vcruntime140.dll
0x00007ffab7050000 - 0x00007ffab70fa000 	C:\Program Files\Java\jdk-11.0.3\bin\msvcp140.dll
0x00007ffa72050000 - 0x00007ffa72b77000 	C:\Program Files\Java\jdk-11.0.3\bin\server\jvm.dll
0x00007ffac9ba0000 - 0x00007ffac9ba8000 	C:\WINDOWS\System32\PSAPI.DLL
0x00007ffab7350000 - 0x00007ffab7359000 	C:\WINDOWS\SYSTEM32\WSOCK32.dll
0x00007ffac1a60000 - 0x00007ffac1a83000 	C:\WINDOWS\SYSTEM32\WINMM.dll
0x00007ffac9b20000 - 0x00007ffac9b8c000 	C:\WINDOWS\System32\WS2_32.dll
0x00007ffac1a10000 - 0x00007ffac1a3a000 	C:\WINDOWS\SYSTEM32\WINMMBASE.dll
0x00007ffac61b0000 - 0x00007ffac61f9000 	C:\WINDOWS\System32\cfgmgr32.dll
0x00007ffac5f20000 - 0x00007ffac5f31000 	C:\WINDOWS\System32\kernel.appcore.dll
0x00007ffab7030000 - 0x00007ffab7041000 	C:\Program Files\Java\jdk-11.0.3\bin\verify.dll
0x00007ffab8e20000 - 0x00007ffab8fe9000 	C:\WINDOWS\SYSTEM32\DBGHELP.DLL
0x00007ffab7b40000 - 0x00007ffab7b69000 	C:\WINDOWS\SYSTEM32\dbgcore.DLL
0x00007ffab6fc0000 - 0x00007ffab6fe9000 	C:\Program Files\Java\jdk-11.0.3\bin\java.dll
0x00007ffab3100000 - 0x00007ffab3116000 	C:\Program Files\Java\jdk-11.0.3\bin\zip.dll
0x00007ffac41d0000 - 0x00007ffac41da000 	C:\Program Files\Java\jdk-11.0.3\bin\jimage.dll

dbghelp: loaded successfully - version: 4.0.5 - missing functions: none
symbol engine: initialized successfully - sym options: 0x614 - pdb path: .;C:\Program Files\Java\jdk-11.0.3\bin;C:\WINDOWS\SYSTEM32;C:\WINDOWS\WinSxS\amd64_microsoft.windows.common-controls_6595b64144ccf1df_6.0.17134.1184_none_d403e8b37c8ca406;D:\Setup\cmder\vendor\conemu-maximus5\ConEmu;C:\Program Files\McAfee\Endpoint Security\Threat Prevention\Ips;C:\Program Files\Java\jdk-11.0.3\bin\server

VM Arguments:
java_command: vncr.jar
java_class_path (initial): vncr.jar
Launcher Type: SUN_STANDARD

[Global flags]
     intx CICompilerCount                          = 4                                         {product} {ergonomic}
     uint ConcGCThreads                            = 2                                         {product} {ergonomic}
     uint G1ConcRefinementThreads                  = 8                                         {product} {ergonomic}
   size_t G1HeapRegionSize                         = 1048576                                   {product} {ergonomic}
    uintx GCDrainStackTargetSize                   = 64                                        {product} {ergonomic}
   size_t InitialHeapSize                          = 268435456                                 {product} {ergonomic}
   size_t MarkStackSize                            = 4194304                                   {product} {ergonomic}
   size_t MaxHeapSize                              = 4280287232                                {product} {ergonomic}
   size_t MinHeapDeltaBytes                        = 1048576                                   {product} {ergonomic}
    uintx NonNMethodCodeHeapSize                   = 5835340                                {pd product} {ergonomic}
    uintx NonProfiledCodeHeapSize                  = 122911450                              {pd product} {ergonomic}
    uintx ProfiledCodeHeapSize                     = 122911450                              {pd product} {ergonomic}
    uintx ReservedCodeCacheSize                    = 251658240                              {pd product} {ergonomic}
     bool SegmentedCodeCache                       = true                                      {product} {ergonomic}
     bool UseCompressedClassPointers               = true                                 {lp64_product} {ergonomic}
     bool UseCompressedOops                        = true                                 {lp64_product} {ergonomic}
     bool UseG1GC                                  = true                                      {product} {ergonomic}
     bool UseLargePagesIndividualAllocation        = false                                  {pd product} {ergonomic}

Logging:
Log output configuration:
 #0: stdout all=warning uptime,level,tags
 #1: stderr all=off uptime,level,tags

Environment Variables:
JAVA_HOME=C:\Program Files\Java\jdk-11.0.3
PATH=D:\Setup\cmder\vendor\conemu-maximus5\ConEmu\Scripts;D:\Setup\cmder\vendor\conemu-maximus5\ConEmu\Scripts;D:\Setup\cmder\vendor\conemu-maximus5\ConEmu\Scripts;D:\hybris\platform1905\hybris\bin\platform\apache-ant\bin;D:\Setup\cmder\vendor\conemu-maximus5\ConEmu\Scripts;D:\Setup\cmder\vendor\conemu-maximus5;D:\Setup\cmder\vendor\conemu-maximus5\ConEmu;C:\Program Files\Java\jdk-11.0.3\bin;C:\WINDOWS\System32\Wbem;C:\Program Files\Perforce\;D:\Setup\jrebel;C:\Program Files\Git\cmd;C:\WINDOWS\System32\WindowsPowerShell\v1.0;C:\Python27;C:\Program Files\nodejs;C:\Program Files (x86)\Windows Kits\8.1\Windows Performance Toolkit\;D:\Setup\apache-tomcat-9.0.27\bin;C:\Windows\System32;C:\opt\apache-maven-3.6.3\bin;C:\Program Files (x86)\GitExtensions\;D:\Setup\groovy-2.5.9\bin;C:\Program Files\MySQL\MySQL Shell 8.0\bin\;C:\Users\cuongtv12\AppData\Local\Microsoft\WindowsApps;C:\Users\cuongtv12\AppData\Local\Programs\Microsoft VS Code\bin;C:\Users\cuongtv12\AppData\Local\Programs\Fiddler;C:\Users\cuongtv12\AppData\Roaming\npm
USERNAME=cuongtv12
OS=Windows_NT
PROCESSOR_IDENTIFIER=Intel64 Family 6 Model 60 Stepping 3, GenuineIntel



---------------  S Y S T E M  ---------------

OS: Windows 10 , 64 bit Build 17134 (10.0.17134.753)

CPU:total 8 (initial active 8) (4 cores per cpu, 2 threads per core) family 6 model 60 stepping 3, cmov, cx8, fxsr, mmx, sse, sse2, sse3, ssse3, sse4.1, sse4.2, popcnt, avx, avx2, aes, clmul, erms, lzcnt, ht, tsc, tscinvbit, bmi1, bmi2, fma

Memory: 4k page, system-wide physical 16321M (1822M free)
TotalPageFile size 30171M (AvailPageFile size 177M)
current process WorkingSet (physical memory assigned to process): 12M, peak: 12M
current process commit charge ("private bytes"): 62M, peak: 318M

vm_info: Java HotSpot(TM) 64-Bit Server VM (11.0.3+12-LTS) for windows-amd64 JRE (11.0.3+12-LTS), built on Apr  2 2019 12:43:09 by "mach5one" with MS VC++ 15.5 (VS2017)

END.
